<?xml version="1.0" encoding="UTF-8"?>
<testng-results skipped="0" failed="0" total="1" passed="1">
  <reporter-output>
  </reporter-output>
  <suite name="Default suite" duration-ms="57742" started-at="2019-08-21T05:51:41Z" finished-at="2019-08-21T05:52:39Z">
    <groups>
    </groups>
    <test name="Default test" duration-ms="57742" started-at="2019-08-21T05:51:41Z" finished-at="2019-08-21T05:52:39Z">
      <class name="screenshot.redBus">
        <test-method status="PASS" signature="bookticket()[pri:0, instance:screenshot.redBus@1d057a39]" name="bookticket" duration-ms="57716" started-at="2019-08-21T11:21:41Z" finished-at="2019-08-21T11:22:39Z">
          <reporter-output>
          </reporter-output>
        </test-method> <!-- bookticket -->
      </class> <!-- screenshot.redBus -->
    </test> <!-- Default test -->
  </suite> <!-- Default suite -->
</testng-results>
